<?xml version="1.0" encoding="UTF-8"?>
<!-- Generated by org.testng.reporters.JUnitReportReporter -->
<testsuite hostname="342-nb-6xwq7h2" failures="0" tests="1" name="SearchAction" time="15.310" errors="0" timestamp="2021-07-28T18:27:38 IST" skipped="0">
  <testcase classname="SearchAction" name="testGoogleSearch" time="15.310"/>
  <system-out/>
</testsuite> <!-- SearchAction -->
